0 verbose cli /opt/homebrew/Cellar/node/25.6.1/bin/node /opt/homebrew/bin/npm
1 info using npm@11.9.0
2 info using node@v25.6.1
3 silly config load:file:/opt/homebrew/lib/node_modules/npm/npmrc
4 silly config load:file:/Users/shivam/Desktop/aditi/backend/.npmrc
5 silly config load:file:/Users/shivam/.npmrc
6 silly config load:file:/opt/homebrew/etc/npmrc
7 verbose title npm install multer
8 verbose argv "install" "multer"
9 verbose logfile logs-max:10 dir:/Users/shivam/Desktop/aditi/backend/.npm-cache/_logs/2026-02-25T11_06_28_625Z-
10 verbose logfile /Users/shivam/Desktop/aditi/backend/.npm-cache/_logs/2026-02-25T11_06_28_625Z-debug-0.log
11 silly logfile done cleaning log files
12 silly packumentCache heap:2348810240 maxSize:587202560 maxEntrySize:293601280
13 silly idealTree buildDeps
14 silly fetch manifest multer@*
15 silly packumentCache full:https://registry.npmjs.org/multer cache-miss
16 http fetch GET 200 https://registry.npmjs.org/multer 507ms (cache miss)
17 silly packumentCache full:https://registry.npmjs.org/multer set size:undefined disposed:false
18 silly placeDep ROOT multer@2.0.2 OK for: college-backend@1.0.0 want: *
19 silly fetch manifest append-field@^1.0.0
20 silly packumentCache full:https://registry.npmjs.org/append-field cache-miss
21 silly fetch manifest busboy@^1.6.0
22 silly packumentCache full:https://registry.npmjs.org/busboy cache-miss
23 silly fetch manifest concat-stream@^2.0.0
24 silly packumentCache full:https://registry.npmjs.org/concat-stream cache-miss
25 silly fetch manifest mkdirp@^0.5.6
26 silly packumentCache full:https://registry.npmjs.org/mkdirp cache-miss
27 silly fetch manifest xtend@^4.0.2
28 silly packumentCache full:https://registry.npmjs.org/xtend cache-miss
29 http fetch GET 200 https://registry.npmjs.org/append-field 104ms (cache miss)
30 silly packumentCache full:https://registry.npmjs.org/append-field set size:undefined disposed:false
31 http fetch GET 200 https://registry.npmjs.org/concat-stream 536ms (cache miss)
32 silly packumentCache full:https://registry.npmjs.org/concat-stream set size:undefined disposed:false
33 http fetch GET 200 https://registry.npmjs.org/xtend 589ms (cache miss)
34 silly packumentCache full:https://registry.npmjs.org/xtend set size:undefined disposed:false
35 http fetch GET 200 https://registry.npmjs.org/busboy 1530ms (cache miss)
36 silly packumentCache full:https://registry.npmjs.org/busboy set size:undefined disposed:false
37 http fetch GET 200 https://registry.npmjs.org/mkdirp 1747ms (cache miss)
38 silly packumentCache full:https://registry.npmjs.org/mkdirp set size:undefined disposed:false
39 silly placeDep ROOT append-field@1.0.0 OK for: multer@2.0.2 want: ^1.0.0
40 silly placeDep ROOT busboy@1.6.0 OK for: multer@2.0.2 want: ^1.6.0
41 silly placeDep ROOT concat-stream@2.0.0 OK for: multer@2.0.2 want: ^2.0.0
42 silly placeDep ROOT mkdirp@0.5.6 OK for: multer@2.0.2 want: ^0.5.6
43 silly placeDep ROOT xtend@4.0.2 OK for: multer@2.0.2 want: ^4.0.2
44 silly fetch manifest streamsearch@^1.1.0
45 silly packumentCache full:https://registry.npmjs.org/streamsearch cache-miss
46 silly fetch manifest buffer-from@^1.0.0
47 silly packumentCache full:https://registry.npmjs.org/buffer-from cache-miss
48 silly fetch manifest readable-stream@^3.0.2
49 silly packumentCache full:https://registry.npmjs.org/readable-stream cache-miss
50 silly fetch manifest typedarray@^0.0.6
51 silly packumentCache full:https://registry.npmjs.org/typedarray cache-miss
52 silly fetch manifest minimist@^1.2.6
53 silly packumentCache full:https://registry.npmjs.org/minimist cache-miss
54 http fetch GET 200 https://registry.npmjs.org/streamsearch 150ms (cache miss)
55 silly packumentCache full:https://registry.npmjs.org/streamsearch set size:undefined disposed:false
56 http fetch GET 200 https://registry.npmjs.org/buffer-from 151ms (cache miss)
57 silly packumentCache full:https://registry.npmjs.org/buffer-from set size:undefined disposed:false
58 http fetch GET 200 https://registry.npmjs.org/minimist 151ms (cache miss)
59 silly packumentCache full:https://registry.npmjs.org/minimist set size:undefined disposed:false
60 http fetch GET 200 https://registry.npmjs.org/readable-stream 153ms (cache miss)
61 silly packumentCache full:https://registry.npmjs.org/readable-stream set size:undefined disposed:false
62 http fetch GET 200 https://registry.npmjs.org/typedarray 199ms (cache miss)
63 silly packumentCache full:https://registry.npmjs.org/typedarray set size:undefined disposed:false
64 silly placeDep ROOT streamsearch@1.1.0 OK for: busboy@1.6.0 want: ^1.1.0
65 silly placeDep ROOT buffer-from@1.1.2 OK for: concat-stream@2.0.0 want: ^1.0.0
66 silly placeDep ROOT readable-stream@3.6.2 OK for: concat-stream@2.0.0 want: ^3.0.2
67 silly placeDep ROOT typedarray@0.0.6 OK for: concat-stream@2.0.0 want: ^0.0.6
68 silly fetch manifest string_decoder@^1.1.1
69 silly packumentCache full:https://registry.npmjs.org/string_decoder cache-miss
70 silly fetch manifest util-deprecate@^1.0.1
71 silly packumentCache full:https://registry.npmjs.org/util-deprecate cache-miss
72 http fetch GET 200 https://registry.npmjs.org/util-deprecate 89ms (cache miss)
73 silly packumentCache full:https://registry.npmjs.org/util-deprecate set size:undefined disposed:false
74 http fetch GET 200 https://registry.npmjs.org/string_decoder 92ms (cache miss)
75 silly packumentCache full:https://registry.npmjs.org/string_decoder set size:undefined disposed:false
76 silly placeDep ROOT minimist@1.2.8 OK for: mkdirp@0.5.6 want: ^1.2.6
77 silly placeDep ROOT string_decoder@1.3.0 OK for: readable-stream@3.6.2 want: ^1.1.1
78 silly placeDep ROOT util-deprecate@1.0.2 OK for: readable-stream@3.6.2 want: ^1.0.1
79 silly reify moves {}
80 silly audit bulk request {
80 silly audit   '@mongodb-js/saslprep': [ '1.4.6' ],
80 silly audit   '@types/webidl-conversions': [ '7.0.3' ],
80 silly audit   '@types/whatwg-url': [ '11.0.5' ],
80 silly audit   accepts: [ '1.3.8' ],
80 silly audit   anymatch: [ '3.1.3' ],
80 silly audit   'array-flatten': [ '1.1.1' ],
80 silly audit   'balanced-match': [ '4.0.4' ],
80 silly audit   bcryptjs: [ '2.4.3' ],
80 silly audit   'binary-extensions': [ '2.3.0' ],
80 silly audit   'body-parser': [ '1.20.4' ],
80 silly audit   'brace-expansion': [ '5.0.3' ],
80 silly audit   braces: [ '3.0.3' ],
80 silly audit   bson: [ '6.10.4' ],
80 silly audit   'buffer-equal-constant-time': [ '1.0.1' ],
80 silly audit   bytes: [ '3.1.2' ],
80 silly audit   'call-bind-apply-helpers': [ '1.0.2' ],
80 silly audit   'call-bound': [ '1.0.4' ],
80 silly audit   chokidar: [ '3.6.0' ],
80 silly audit   'content-disposition': [ '0.5.4' ],
80 silly audit   'content-type': [ '1.0.5' ],
80 silly audit   cookie: [ '0.7.2' ],
80 silly audit   'cookie-signature': [ '1.0.7' ],
80 silly audit   cors: [ '2.8.6' ],
80 silly audit   debug: [ '2.6.9', '4.4.3' ],
80 silly audit   depd: [ '2.0.0' ],
80 silly audit   destroy: [ '1.2.0' ],
80 silly audit   dotenv: [ '16.6.1' ],
80 silly audit   'dunder-proto': [ '1.0.1' ],
80 silly audit   'ecdsa-sig-formatter': [ '1.0.11' ],
80 silly audit   'ee-first': [ '1.1.1' ],
80 silly audit   encodeurl: [ '2.0.0' ],
80 silly audit   'es-define-property': [ '1.0.1' ],
80 silly audit   'es-errors': [ '1.3.0' ],
80 silly audit   'es-object-atoms': [ '1.1.1' ],
80 silly audit   'escape-html': [ '1.0.3' ],
80 silly audit   etag: [ '1.8.1' ],
80 silly audit   express: [ '4.22.1' ],
80 silly audit   'fill-range': [ '7.1.1' ],
80 silly audit   finalhandler: [ '1.3.2' ],
80 silly audit   forwarded: [ '0.2.0' ],
80 silly audit   fresh: [ '0.5.2' ],
80 silly audit   fsevents: [ '2.3.3' ],
80 silly audit   'function-bind': [ '1.1.2' ],
80 silly audit   'get-intrinsic': [ '1.3.0' ],
80 silly audit   'get-proto': [ '1.0.1' ],
80 silly audit   'glob-parent': [ '5.1.2' ],
80 silly audit   gopd: [ '1.2.0' ],
80 silly audit   'has-flag': [ '3.0.0' ],
80 silly audit   'has-symbols': [ '1.1.0' ],
80 silly audit   hasown: [ '2.0.2' ],
80 silly audit   'http-errors': [ '2.0.1' ],
80 silly audit   'iconv-lite': [ '0.4.24' ],
80 silly audit   'ignore-by-default': [ '1.0.1' ],
80 silly audit   inherits: [ '2.0.4' ],
80 silly audit   'ipaddr.js': [ '1.9.1' ],
80 silly audit   'is-binary-path': [ '2.1.0' ],
80 silly audit   'is-extglob': [ '2.1.1' ],
80 silly audit   'is-glob': [ '4.0.3' ],
80 silly audit   'is-number': [ '7.0.0' ],
80 silly audit   jsonwebtoken: [ '9.0.3' ],
80 silly audit   ms: [ '2.1.3', '2.0.0' ],
80 silly audit   jwa: [ '2.0.1' ],
80 silly audit   jws: [ '4.0.1' ],
80 silly audit   kareem: [ '2.6.3' ],
80 silly audit   'lodash.includes': [ '4.3.0' ],
80 silly audit   'lodash.isboolean': [ '3.0.3' ],
80 silly audit   'lodash.isinteger': [ '4.0.4' ],
80 silly audit   'lodash.isnumber': [ '3.0.3' ],
80 silly audit   'lodash.isplainobject': [ '4.0.6' ],
80 silly audit   'lodash.isstring': [ '4.0.1' ],
80 silly audit   'lodash.once': [ '4.1.1' ],
80 silly audit   'math-intrinsics': [ '1.1.0' ],
80 silly audit   'media-typer': [ '0.3.0' ],
80 silly audit   'memory-pager': [ '1.5.0' ],
80 silly audit   'merge-descriptors': [ '1.0.3' ],
80 silly audit   methods: [ '1.1.2' ],
80 silly audit   mime: [ '1.6.0' ],
80 silly audit   'mime-db': [ '1.52.0' ],
80 silly audit   'mime-types': [ '2.1.35' ],
80 silly audit   minimatch: [ '10.2.3' ],
80 silly audit   mongodb: [ '6.20.0' ],
80 silly audit   'mongodb-connection-string-url': [ '3.0.2' ],
80 silly audit   mongoose: [ '8.23.0' ],
80 silly audit   mpath: [ '0.9.0' ],
80 silly audit   mquery: [ '5.0.0' ],
80 silly audit   negotiator: [ '0.6.3' ],
80 silly audit   nodemon: [ '3.1.14' ],
80 silly audit   'normalize-path': [ '3.0.0' ],
80 silly audit   'object-assign': [ '4.1.1' ],
80 silly audit   'object-inspect': [ '1.13.4' ],
80 silly audit   'on-finished': [ '2.4.1' ],
80 silly audit   parseurl: [ '1.3.3' ],
80 silly audit   'path-to-regexp': [ '0.1.12' ],
80 silly audit   picomatch: [ '2.3.1' ],
80 silly audit   'proxy-addr': [ '2.0.7' ],
80 silly audit   'pstree.remy': [ '1.1.8' ],
80 silly audit   punycode: [ '2.3.1' ],
80 silly audit   qs: [ '6.14.2' ],
80 silly audit   'range-parser': [ '1.2.1' ],
80 silly audit   'raw-body': [ '2.5.3' ],
80 silly audit   readdirp: [ '3.6.0' ],
80 silly audit   'safe-buffer': [ '5.2.1' ],
80 silly audit   'safer-buffer': [ '2.1.2' ],
80 silly audit   semver: [ '7.7.4' ],
80 silly audit   send: [ '0.19.2' ],
80 silly audit   'serve-static': [ '1.16.3' ],
80 silly audit   setprototypeof: [ '1.2.0' ],
80 silly audit   'side-channel': [ '1.1.0' ],
80 silly audit   'side-channel-list': [ '1.0.0' ],
80 silly audit   'side-channel-map': [ '1.0.1' ],
80 silly audit   'side-channel-weakmap': [ '1.0.2' ],
80 silly audit   sift: [ '17.1.3' ],
80 silly audit   'simple-update-notifier': [ '2.0.0' ],
80 silly audit   'sparse-bitfield': [ '3.0.3' ],
80 silly audit   statuses: [ '2.0.2' ],
80 silly audit   'supports-color': [ '5.5.0' ],
80 silly audit   'to-regex-range': [ '5.0.1' ],
80 silly audit   toidentifier: [ '1.0.1' ],
80 silly audit   touch: [ '3.1.1' ],
80 silly audit   tr46: [ '5.1.1' ],
80 silly audit   'type-is': [ '1.6.18' ],
80 silly audit   undefsafe: [ '2.0.5' ],
80 silly audit   unpipe: [ '1.0.0' ],
80 silly audit   'utils-merge': [ '1.0.1' ],
80 silly audit   vary: [ '1.1.2' ],
80 silly audit   'webidl-conversions': [ '7.0.0' ],
80 silly audit   'whatwg-url': [ '14.2.0' ],
80 silly audit   multer: [ '2.0.2' ],
80 silly audit   'append-field': [ '1.0.0' ],
80 silly audit   busboy: [ '1.6.0' ],
80 silly audit   'concat-stream': [ '2.0.0' ],
80 silly audit   mkdirp: [ '0.5.6' ],
80 silly audit   xtend: [ '4.0.2' ],
80 silly audit   streamsearch: [ '1.1.0' ],
80 silly audit   'buffer-from': [ '1.1.2' ],
80 silly audit   'readable-stream': [ '3.6.2' ],
80 silly audit   typedarray: [ '0.0.6' ],
80 silly audit   minimist: [ '1.2.8' ],
80 silly audit   string_decoder: [ '1.3.0' ],
80 silly audit   'util-deprecate': [ '1.0.2' ]
80 silly audit }
81 http cache minimist@https://registry.npmjs.org/minimist/-/minimist-1.2.8.tgz 0ms (cache hit)
82 http cache util-deprecate@https://registry.npmjs.org/util-deprecate/-/util-deprecate-1.0.2.tgz 0ms (cache hit)
83 http cache string_decoder@https://registry.npmjs.org/string_decoder/-/string_decoder-1.3.0.tgz 0ms (cache hit)
84 http cache typedarray@https://registry.npmjs.org/typedarray/-/typedarray-0.0.6.tgz 0ms (cache hit)
85 http cache readable-stream@https://registry.npmjs.org/readable-stream/-/readable-stream-3.6.2.tgz 0ms (cache hit)
86 http cache buffer-from@https://registry.npmjs.org/buffer-from/-/buffer-from-1.1.2.tgz 0ms (cache hit)
87 http cache streamsearch@https://registry.npmjs.org/streamsearch/-/streamsearch-1.1.0.tgz 0ms (cache hit)
88 http cache xtend@https://registry.npmjs.org/xtend/-/xtend-4.0.2.tgz 0ms (cache hit)
89 http cache mkdirp@https://registry.npmjs.org/mkdirp/-/mkdirp-0.5.6.tgz 0ms (cache hit)
90 http cache concat-stream@https://registry.npmjs.org/concat-stream/-/concat-stream-2.0.0.tgz 0ms (cache hit)
91 http cache busboy@https://registry.npmjs.org/busboy/-/busboy-1.6.0.tgz 0ms (cache hit)
92 http cache append-field@https://registry.npmjs.org/append-field/-/append-field-1.0.0.tgz 0ms (cache hit)
93 http cache multer@https://registry.npmjs.org/multer/-/multer-2.0.2.tgz 0ms (cache hit)
94 http cache fsevents@https://registry.npmjs.org/fsevents/-/fsevents-2.3.3.tgz 0ms (cache hit)
95 silly tarball no local data for minimist@https://registry.npmjs.org/minimist/-/minimist-1.2.8.tgz. Extracting by manifest.
96 silly tarball no local data for string_decoder@https://registry.npmjs.org/string_decoder/-/string_decoder-1.3.0.tgz. Extracting by manifest.
97 silly tarball no local data for util-deprecate@https://registry.npmjs.org/util-deprecate/-/util-deprecate-1.0.2.tgz. Extracting by manifest.
98 silly tarball no local data for typedarray@https://registry.npmjs.org/typedarray/-/typedarray-0.0.6.tgz. Extracting by manifest.
99 silly tarball no local data for readable-stream@https://registry.npmjs.org/readable-stream/-/readable-stream-3.6.2.tgz. Extracting by manifest.
100 silly tarball no local data for buffer-from@https://registry.npmjs.org/buffer-from/-/buffer-from-1.1.2.tgz. Extracting by manifest.
101 silly tarball no local data for streamsearch@https://registry.npmjs.org/streamsearch/-/streamsearch-1.1.0.tgz. Extracting by manifest.
102 silly tarball no local data for xtend@https://registry.npmjs.org/xtend/-/xtend-4.0.2.tgz. Extracting by manifest.
103 silly tarball no local data for mkdirp@https://registry.npmjs.org/mkdirp/-/mkdirp-0.5.6.tgz. Extracting by manifest.
104 silly tarball no local data for concat-stream@https://registry.npmjs.org/concat-stream/-/concat-stream-2.0.0.tgz. Extracting by manifest.
105 silly tarball no local data for busboy@https://registry.npmjs.org/busboy/-/busboy-1.6.0.tgz. Extracting by manifest.
106 silly tarball no local data for append-field@https://registry.npmjs.org/append-field/-/append-field-1.0.0.tgz. Extracting by manifest.
107 silly tarball no local data for multer@https://registry.npmjs.org/multer/-/multer-2.0.2.tgz. Extracting by manifest.
108 http fetch GET 200 https://registry.npmjs.org/util-deprecate/-/util-deprecate-1.0.2.tgz 96ms (cache miss)
109 http fetch GET 200 https://registry.npmjs.org/string_decoder/-/string_decoder-1.3.0.tgz 96ms (cache miss)
110 http fetch GET 200 https://registry.npmjs.org/typedarray/-/typedarray-0.0.6.tgz 97ms (cache miss)
111 http fetch GET 200 https://registry.npmjs.org/minimist/-/minimist-1.2.8.tgz 103ms (cache miss)
112 http fetch GET 200 https://registry.npmjs.org/mkdirp/-/mkdirp-0.5.6.tgz 336ms (cache miss)
113 http fetch GET 200 https://registry.npmjs.org/buffer-from/-/buffer-from-1.1.2.tgz 338ms (cache miss)
114 http fetch GET 200 https://registry.npmjs.org/xtend/-/xtend-4.0.2.tgz 337ms (cache miss)
115 http fetch GET 200 https://registry.npmjs.org/streamsearch/-/streamsearch-1.1.0.tgz 340ms (cache miss)
116 http fetch GET 200 https://registry.npmjs.org/multer/-/multer-2.0.2.tgz 339ms (cache miss)
117 http fetch POST 200 https://registry.npmjs.org/-/npm/v1/security/advisories/bulk 411ms
118 silly audit report {}
119 http fetch GET 200 https://registry.npmjs.org/busboy/-/busboy-1.6.0.tgz 405ms (cache miss)
120 http fetch GET 200 https://registry.npmjs.org/append-field/-/append-field-1.0.0.tgz 415ms (cache miss)
121 http fetch GET 200 https://registry.npmjs.org/concat-stream/-/concat-stream-2.0.0.tgz 536ms (cache miss)
122 http fetch GET 200 https://registry.npmjs.org/readable-stream/-/readable-stream-3.6.2.tgz 1373ms (cache miss)
123 silly ADD node_modules/util-deprecate
124 silly ADD node_modules/string_decoder
125 silly ADD node_modules/minimist
126 silly ADD node_modules/typedarray
127 silly ADD node_modules/readable-stream
128 silly ADD node_modules/buffer-from
129 silly ADD node_modules/streamsearch
130 silly ADD node_modules/xtend
131 silly ADD node_modules/mkdirp
132 silly ADD node_modules/concat-stream
133 silly ADD node_modules/busboy
134 silly ADD node_modules/append-field
135 silly ADD node_modules/multer
136 silly ADD node_modules/fsevents
137 verbose cwd /Users/shivam/Desktop/aditi/backend
138 verbose os Darwin 25.3.0
139 verbose node v25.6.1
140 verbose npm  v11.9.0
141 verbose exit 0
142 info ok
